<?xml version="1.0" encoding="UTF-8"?>
<!-- Generated by org.testng.reporters.JUnitXMLReporter -->
<testsuite ignored="24" hostname="IN-PG02NJQY" failures="0" tests="6" name="Default test" time="34.205" errors="0" timestamp="10 Feb 2022 05:10:59 GMT">
  <testcase classname="com.herokuapp.crudoperation.CreateBooking" name="createBooking" time="5.639"/>
  <testcase classname="com.herokuapp.crudoperation.DeleteBooking" name="deleteBooking" time="6.269"/>
  <testcase classname="com.herokuapp.crudoperation.PartialUpdateBooking" name="partialUpdateBooking" time="6.355"/>
  <testcase classname="com.herokuapp.crudoperation.GetBookingIds" name="getBookingId" time="3.215"/>
  <testcase classname="com.herokuapp.crudoperation.GetBooking" name="getBooking" time="5.983"/>
  <testcase classname="com.herokuapp.crudoperation.UpdateBooking" name="updateBooking" time="6.725"/>
  <testcase classname="com.reusablemethods.BaseMethod" name="@BeforeSuite basicInfo" time="0.0">
    <ignored/>
  </testcase> <!-- @BeforeSuite basicInfo -->
  <testcase classname="com.reusablemethods.BaseMethod" name="@BeforeSuite basicInfo" time="0.0">
    <ignored/>
  </testcase> <!-- @BeforeSuite basicInfo -->
  <testcase classname="com.reusablemethods.BaseMethod" name="@BeforeSuite basicInfo" time="0.0">
    <ignored/>
  </testcase> <!-- @BeforeSuite basicInfo -->
  <testcase classname="com.reusablemethods.BaseMethod" name="@BeforeSuite basicInfo" time="0.0">
    <ignored/>
  </testcase> <!-- @BeforeSuite basicInfo -->
  <testcase classname="com.reusablemethods.BaseMethod" name="@BeforeSuite basicInfo" time="0.0">
    <ignored/>
  </testcase> <!-- @BeforeSuite basicInfo -->
  <testcase classname="com.reusablemethods.BaseMethod" name="@BeforeSuite basicInfo" time="0.0">
    <ignored/>
  </testcase> <!-- @BeforeSuite basicInfo -->
  <testcase classname="com.reusablemethods.BaseMethod" name="@BeforeSuite basicInfo" time="0.0">
    <ignored/>
  </testcase> <!-- @BeforeSuite basicInfo -->
  <testcase classname="com.reusablemethods.BaseMethod" name="@BeforeSuite basicInfo" time="0.0">
    <ignored/>
  </testcase> <!-- @BeforeSuite basicInfo -->
  <testcase classname="com.reusablemethods.BaseMethod" name="@BeforeSuite setReport" time="0.0">
    <ignored/>
  </testcase> <!-- @BeforeSuite setReport -->
  <testcase classname="com.reusablemethods.BaseMethod" name="@BeforeSuite setReport" time="0.0">
    <ignored/>
  </testcase> <!-- @BeforeSuite setReport -->
  <testcase classname="com.reusablemethods.BaseMethod" name="@BeforeSuite setReport" time="0.0">
    <ignored/>
  </testcase> <!-- @BeforeSuite setReport -->
  <testcase classname="com.reusablemethods.BaseMethod" name="@BeforeSuite setReport" time="0.0">
    <ignored/>
  </testcase> <!-- @BeforeSuite setReport -->
  <testcase classname="com.reusablemethods.BaseMethod" name="@BeforeSuite setReport" time="0.0">
    <ignored/>
  </testcase> <!-- @BeforeSuite setReport -->
  <testcase classname="com.reusablemethods.BaseMethod" name="@BeforeSuite setReport" time="0.0">
    <ignored/>
  </testcase> <!-- @BeforeSuite setReport -->
  <testcase classname="com.reusablemethods.BaseMethod" name="@BeforeSuite setReport" time="0.0">
    <ignored/>
  </testcase> <!-- @BeforeSuite setReport -->
  <testcase classname="com.reusablemethods.BaseMethod" name="@BeforeSuite setReport" time="0.0">
    <ignored/>
  </testcase> <!-- @BeforeSuite setReport -->
  <testcase classname="com.reusablemethods.BaseMethod" name="@AfterSuite endTest" time="0.0">
    <ignored/>
  </testcase> <!-- @AfterSuite endTest -->
  <testcase classname="com.reusablemethods.BaseMethod" name="@AfterSuite endTest" time="0.0">
    <ignored/>
  </testcase> <!-- @AfterSuite endTest -->
  <testcase classname="com.reusablemethods.BaseMethod" name="@AfterSuite endTest" time="0.0">
    <ignored/>
  </testcase> <!-- @AfterSuite endTest -->
  <testcase classname="com.reusablemethods.BaseMethod" name="@AfterSuite endTest" time="0.0">
    <ignored/>
  </testcase> <!-- @AfterSuite endTest -->
  <testcase classname="com.reusablemethods.BaseMethod" name="@AfterSuite endTest" time="0.0">
    <ignored/>
  </testcase> <!-- @AfterSuite endTest -->
  <testcase classname="com.reusablemethods.BaseMethod" name="@AfterSuite endTest" time="0.0">
    <ignored/>
  </testcase> <!-- @AfterSuite endTest -->
  <testcase classname="com.reusablemethods.BaseMethod" name="@AfterSuite endTest" time="0.0">
    <ignored/>
  </testcase> <!-- @AfterSuite endTest -->
  <testcase classname="com.reusablemethods.BaseMethod" name="@AfterSuite endTest" time="0.0">
    <ignored/>
  </testcase> <!-- @AfterSuite endTest -->
</testsuite> <!-- Default test -->
