<?xml version="1.0" encoding="UTF-8"?>
<!-- Generated by org.testng.reporters.JUnitXMLReporter -->
<testsuite ignored="15" hostname="IN-PG02NJQY" failures="0" tests="6" name="Test" time="40.788" errors="0" timestamp="07 Feb 2022 18:03:56 GMT">
  <testcase classname="com.herokuapp.crudoperation.GetBookingIds" name="getBookingId" time="4.821"/>
  <testcase classname="com.herokuapp.crudoperation.DeleteBooking" name="deleteBooking" time="8.072"/>
  <testcase classname="com.herokuapp.crudoperation.CreateBooking" name="createBooking" time="5.667"/>
  <testcase classname="com.herokuapp.crudoperation.UpdateBooking" name="updateBooking" time="7.637"/>
  <testcase classname="com.herokuapp.crudoperation.PartialUpdateBooking" name="partialUpdateBooking" time="7.752"/>
  <testcase classname="com.herokuapp.crudoperation.GetBooking" name="getBooking" time="6.839"/>
  <testcase classname="com.reusablemethods.BaseMethod" name="@BeforeSuite basicInfo" time="0.0">
    <ignored/>
  </testcase> <!-- @BeforeSuite basicInfo -->
  <testcase classname="com.reusablemethods.BaseMethod" name="@BeforeSuite basicInfo" time="0.0">
    <ignored/>
  </testcase> <!-- @BeforeSuite basicInfo -->
  <testcase classname="com.reusablemethods.BaseMethod" name="@BeforeSuite basicInfo" time="0.0">
    <ignored/>
  </testcase> <!-- @BeforeSuite basicInfo -->
  <testcase classname="com.reusablemethods.BaseMethod" name="@BeforeSuite basicInfo" time="0.0">
    <ignored/>
  </testcase> <!-- @BeforeSuite basicInfo -->
  <testcase classname="com.reusablemethods.BaseMethod" name="@BeforeSuite basicInfo" time="0.0">
    <ignored/>
  </testcase> <!-- @BeforeSuite basicInfo -->
  <testcase classname="com.reusablemethods.BaseMethod" name="@BeforeSuite setReport" time="0.0">
    <ignored/>
  </testcase> <!-- @BeforeSuite setReport -->
  <testcase classname="com.reusablemethods.BaseMethod" name="@BeforeSuite setReport" time="0.0">
    <ignored/>
  </testcase> <!-- @BeforeSuite setReport -->
  <testcase classname="com.reusablemethods.BaseMethod" name="@BeforeSuite setReport" time="0.0">
    <ignored/>
  </testcase> <!-- @BeforeSuite setReport -->
  <testcase classname="com.reusablemethods.BaseMethod" name="@BeforeSuite setReport" time="0.0">
    <ignored/>
  </testcase> <!-- @BeforeSuite setReport -->
  <testcase classname="com.reusablemethods.BaseMethod" name="@BeforeSuite setReport" time="0.0">
    <ignored/>
  </testcase> <!-- @BeforeSuite setReport -->
  <testcase classname="com.reusablemethods.BaseMethod" name="@AfterSuite endTest" time="0.0">
    <ignored/>
  </testcase> <!-- @AfterSuite endTest -->
  <testcase classname="com.reusablemethods.BaseMethod" name="@AfterSuite endTest" time="0.0">
    <ignored/>
  </testcase> <!-- @AfterSuite endTest -->
  <testcase classname="com.reusablemethods.BaseMethod" name="@AfterSuite endTest" time="0.0">
    <ignored/>
  </testcase> <!-- @AfterSuite endTest -->
  <testcase classname="com.reusablemethods.BaseMethod" name="@AfterSuite endTest" time="0.0">
    <ignored/>
  </testcase> <!-- @AfterSuite endTest -->
  <testcase classname="com.reusablemethods.BaseMethod" name="@AfterSuite endTest" time="0.0">
    <ignored/>
  </testcase> <!-- @AfterSuite endTest -->
</testsuite> <!-- Test -->
